-------------------------------------------------------------------------------
Test set: traore.Exercice_DIP.AppTest
-------------------------------------------------------------------------------
Tests run: 1, Failures: 1, Errors: 0, Skipped: 0, Time elapsed: 0.036 s <<< FAILURE! - in traore.Exercice_DIP.AppTest
test(traore.Exercice_DIP.AppTest)  Time elapsed: 0.01 s  <<< FAILURE!
java.lang.AssertionError: Not yet implemented
	at traore.Exercice_DIP.AppTest.test(AppTest.java:11)

